<?xml version="1.0" encoding="UTF-8"?>
<!-- Generated by org.testng.reporters.JUnitReportReporter -->
<testsuite name="zoho.app.test.DataProvider" tests="3" time="35.284" ignored="0" failures="0" timestamp="06 Jan 2020 07:28:42 GMT" skipped="0" hostname="LAPTOP-NHPOKVG3" errors="0">
  <testcase name="VerifyLogin" time="9.898" classname="zoho.app.test.DataProvider"/>
  <testcase name="VerifyLogin" time="12.203" classname="zoho.app.test.DataProvider"/>
  <testcase name="VerifyLogin" time="13.183" classname="zoho.app.test.DataProvider"/>
</testsuite> <!-- zoho.app.test.DataProvider -->
