<?xml version="1.0" encoding="UTF-8"?>
<!-- Generated by org.testng.reporters.JUnitReportReporter -->
<testsuite name="zoho.app.test.HomepageTest" tests="4" time="6.056" ignored="0" failures="0" timestamp="07 Jan 2020 08:50:58 GMT" skipped="0" hostname="LAPTOP-NHPOKVG3" errors="0">
  <testcase name="verifyWomen" time="0.052" classname="zoho.app.test.HomepageTest"/>
  <testcase name="verifyclick" time="5.793" classname="zoho.app.test.HomepageTest"/>
  <testcase name="verifyTshirts" time="0.084" classname="zoho.app.test.HomepageTest"/>
  <testcase name="verifyDresses" time="0.127" classname="zoho.app.test.HomepageTest"/>
</testsuite> <!-- zoho.app.test.HomepageTest -->
