<?xml version="1.0" encoding="UTF-8"?>
<!-- Generated by org.testng.reporters.JUnitReportReporter -->
<testsuite hostname="LAPTOP-NHPOKVG3" name="zoho.app.test.HomepageTest" tests="3" failures="0" timestamp="3 Jan 2020 08:52:47 GMT" time="0.147" errors="0">
  <testcase name="verifyDresses" time="0.062" classname="zoho.app.test.HomepageTest"/>
  <testcase name="verifyTshirts" time="0.051" classname="zoho.app.test.HomepageTest"/>
  <testcase name="verifyWomen" time="0.034" classname="zoho.app.test.HomepageTest"/>
</testsuite> <!-- zoho.app.test.HomepageTest -->
