<?xml version="1.0" encoding="UTF-8"?>
<!-- Generated by org.testng.reporters.JUnitReportReporter -->
<testsuite hostname="LAPTOP-NHPOKVG3" name="zoho.app.test.HomepageTest" tests="3" failures="0" timestamp="6 Jan 2020 07:22:43 GMT" time="0.148" errors="0">
  <testcase name="verifyDresses" time="0.061" classname="zoho.app.test.HomepageTest"/>
  <testcase name="verifyTshirts" time="0.050" classname="zoho.app.test.HomepageTest"/>
  <testcase name="verifyWomen" time="0.037" classname="zoho.app.test.HomepageTest"/>
</testsuite> <!-- zoho.app.test.HomepageTest -->
